<?xml version="1.0" encoding="UTF-8"?>
<testng-results ignored="0" total="8" passed="8" failed="0" skipped="0">
  <reporter-output>
  </reporter-output>
  <suite started-at="2026-05-12T13:02:44 CST" name="API_Test_Suite" finished-at="2026-05-12T13:02:50 CST" duration-ms="6264">
    <groups>
    </groups>
    <test started-at="2026-05-12T13:02:44 CST" name="API Tests" finished-at="2026-05-12T13:02:50 CST" duration-ms="6264">
      <class name="test.api.ATC01_Test1">
        <test-method is-config="true" signature="setupSuite()[pri:0, instance:test.api.ATC01_Test1@7d0100ea]" started-at="2026-05-12T13:02:41 CST" name="setupSuite" finished-at="2026-05-12T13:02:44 CST" duration-ms="2911" status="PASS">
          <reporter-output>
          </reporter-output>
        </test-method> <!-- setupSuite -->
        <test-method signature="getAllapiOne()[pri:0, instance:test.api.ATC01_Test1@7d0100ea]" started-at="2026-05-12T13:02:44 CST" name="getAllapiOne" finished-at="2026-05-12T13:02:47 CST" duration-ms="3531" status="PASS">
          <reporter-output>
          </reporter-output>
        </test-method> <!-- getAllapiOne -->
        <test-method signature="shouldCreatePost()[pri:0, instance:test.api.ATC01_Test1@7d0100ea]" started-at="2026-05-12T13:02:48 CST" name="shouldCreatePost" finished-at="2026-05-12T13:02:48 CST" duration-ms="428" status="PASS">
          <reporter-output>
          </reporter-output>
        </test-method> <!-- shouldCreatePost -->
        <test-method signature="shouldDeletePost()[pri:0, instance:test.api.ATC01_Test1@7d0100ea]" started-at="2026-05-12T13:02:48 CST" name="shouldDeletePost" finished-at="2026-05-12T13:02:48 CST" duration-ms="294" status="PASS">
          <reporter-output>
          </reporter-output>
        </test-method> <!-- shouldDeletePost -->
        <test-method signature="shouldGetPostById()[pri:0, instance:test.api.ATC01_Test1@7d0100ea]" started-at="2026-05-12T13:02:48 CST" name="shouldGetPostById" finished-at="2026-05-12T13:02:48 CST" duration-ms="183" status="PASS">
          <reporter-output>
          </reporter-output>
        </test-method> <!-- shouldGetPostById -->
        <test-method signature="shouldGetapiOneByUserId()[pri:0, instance:test.api.ATC01_Test1@7d0100ea]" started-at="2026-05-12T13:02:48 CST" name="shouldGetapiOneByUserId" finished-at="2026-05-12T13:02:49 CST" duration-ms="261" status="PASS">
          <reporter-output>
          </reporter-output>
        </test-method> <!-- shouldGetapiOneByUserId -->
        <test-method signature="shouldMatchPostSchema()[pri:0, instance:test.api.ATC01_Test1@7d0100ea]" started-at="2026-05-12T13:02:49 CST" name="shouldMatchPostSchema" finished-at="2026-05-12T13:02:50 CST" duration-ms="866" status="PASS">
          <reporter-output>
          </reporter-output>
        </test-method> <!-- shouldMatchPostSchema -->
        <test-method signature="shouldReturn404ForNonExistentPost()[pri:0, instance:test.api.ATC01_Test1@7d0100ea]" started-at="2026-05-12T13:02:50 CST" name="shouldReturn404ForNonExistentPost" finished-at="2026-05-12T13:02:50 CST" duration-ms="161" status="PASS">
          <reporter-output>
          </reporter-output>
        </test-method> <!-- shouldReturn404ForNonExistentPost -->
        <test-method signature="shouldUpdatePost()[pri:0, instance:test.api.ATC01_Test1@7d0100ea]" started-at="2026-05-12T13:02:50 CST" name="shouldUpdatePost" finished-at="2026-05-12T13:02:50 CST" duration-ms="288" status="PASS">
          <reporter-output>
          </reporter-output>
        </test-method> <!-- shouldUpdatePost -->
      </class> <!-- test.api.ATC01_Test1 -->
    </test> <!-- API Tests -->
  </suite> <!-- API_Test_Suite -->
</testng-results>
