<?xml version="1.0" encoding="UTF-8"?>
<testng-results ignored="0" total="3" passed="3" failed="0" skipped="0">
  <reporter-output>
  </reporter-output>
  <suite started-at="2026-06-05T22:35:53 CST" name="API_Test_Suite" finished-at="2026-06-05T22:36:01 CST" duration-ms="7456">
    <groups>
    </groups>
    <test started-at="2026-06-05T22:35:53 CST" name="API Tests" finished-at="2026-06-05T22:36:01 CST" duration-ms="7456">
      <class name="test.api.ATC02_Booking">
        <test-method is-config="true" signature="setupSuite()[pri:0, instance:test.api.ATC02_Booking@6da54910]" started-at="2026-06-05T22:35:51 CST" name="setupSuite" finished-at="2026-06-05T22:35:53 CST" duration-ms="2444" status="PASS">
          <reporter-output>
          </reporter-output>
        </test-method> <!-- setupSuite -->
        <test-method signature="createBooking()[pri:0, instance:test.api.ATC02_Booking@6da54910]" started-at="2026-06-05T22:35:54 CST" name="createBooking" finished-at="2026-06-05T22:35:57 CST" duration-ms="3113" status="PASS">
          <reporter-output>
          </reporter-output>
        </test-method> <!-- createBooking -->
        <test-method signature="updateBooking()[pri:0, instance:test.api.ATC02_Booking@6da54910]" started-at="2026-06-05T22:35:57 CST" name="updateBooking" finished-at="2026-06-05T22:35:59 CST" depends-on-methods="test.api.ATC02_Booking.createBooking" duration-ms="2611" status="PASS">
          <reporter-output>
          </reporter-output>
        </test-method> <!-- updateBooking -->
        <test-method signature="deleteBooking()[pri:0, instance:test.api.ATC02_Booking@6da54910]" started-at="2026-06-05T22:35:59 CST" name="deleteBooking" finished-at="2026-06-05T22:36:01 CST" depends-on-methods="test.api.ATC02_Booking.updateBooking" duration-ms="1530" status="PASS">
          <reporter-output>
          </reporter-output>
        </test-method> <!-- deleteBooking -->
      </class> <!-- test.api.ATC02_Booking -->
    </test> <!-- API Tests -->
  </suite> <!-- API_Test_Suite -->
</testng-results>
