<?xml version="1.0" encoding="UTF-8"?>
<!-- Generated by org.testng.reporters.JUnitXMLReporter -->
<testsuite ignored="0" hostname="WorkStation" failures="0" tests="3" name="API Tests" time="7.456" errors="0" timestamp="2026-06-05T22:36:01 CST">
  <testcase classname="test.api.ATC02_Booking" name="createBooking" time="3.113"/>
  <testcase classname="test.api.ATC02_Booking" name="updateBooking" time="2.611"/>
  <testcase classname="test.api.ATC02_Booking" name="deleteBooking" time="1.53"/>
</testsuite> <!-- API Tests -->
