<?xml version="1.0" encoding="UTF-8"?>
<!-- Generated by org.testng.reporters.JUnitXMLReporter -->
<testsuite ignored="0" hostname="WorkStation" failures="0" tests="10" name="API Tests" time="9.504" errors="0" timestamp="2026-06-12T17:53:56 CST">
  <testcase classname="test.api.ATC01_Test1" name="shouldCreatePost" time="4.44"/>
  <testcase classname="test.api.ATC02_Booking" name="createBooking" time="4.352"/>
  <testcase classname="test.api.ATC01_Test1" name="shouldDeletePost" time="0.248"/>
  <testcase classname="test.api.ATC01_Test1" name="shouldGetPostById" time="0.187"/>
  <testcase classname="test.api.ATC01_Test1" name="shouldGetapiOneByUserId" time="0.189"/>
  <testcase classname="test.api.ATC01_Test1" name="shouldMatchPostSchema" time="1.064"/>
  <testcase classname="test.api.ATC01_Test1" name="shouldReturn404ForNonExistentPost" time="0.165"/>
  <testcase classname="test.api.ATC01_Test1" name="shouldUpdatePost" time="0.281"/>
  <testcase classname="test.api.ATC02_Booking" name="updateBooking" time="3.17"/>
  <testcase classname="test.api.ATC02_Booking" name="deleteBooking" time="1.754"/>
</testsuite> <!-- API Tests -->
