<?xml version="1.0" encoding="UTF-8"?>
<!-- Generated by org.testng.reporters.JUnitXMLReporter -->
<testsuite ignored="0" hostname="WorkStation" failures="0" tests="7" name="Posts API Tests" time="7.201" errors="0" timestamp="2026-05-06T18:08:38 CST">
  <testcase classname="test.api.PostsTest" name="shouldCreatePost" time="5.094"/>
  <testcase classname="test.api.PostsTest" name="shouldDeletePost" time="0.268"/>
  <testcase classname="test.api.PostsTest" name="shouldGetAllPosts" time="0.493"/>
  <testcase classname="test.api.PostsTest" name="shouldGetPostById" time="0.251"/>
  <testcase classname="test.api.PostsTest" name="shouldGetPostsByUserId" time="0.241"/>
  <testcase classname="test.api.PostsTest" name="shouldReturn404ForNonExistentPost" time="0.265"/>
  <testcase classname="test.api.PostsTest" name="shouldUpdatePost" time="0.35"/>
</testsuite> <!-- Posts API Tests -->
