<?xml version="1.0" encoding="UTF-8"?>
<!-- Generated by org.testng.reporters.JUnitReportReporter -->
<testsuite hostname="WorkStation" failures="0" tests="7" name="test.api.ATC01_Test1" time="6.574" errors="0" timestamp="2026-06-12T17:53:56 CST" skipped="0">
  <testcase classname="test.api.ATC01_Test1" name="shouldReturn404ForNonExistentPost" time="0.165"/>
  <system-out/>
  <testcase classname="test.api.ATC01_Test1" name="shouldCreatePost" time="4.440"/>
  <system-out/>
  <testcase classname="test.api.ATC01_Test1" name="shouldGetapiOneByUserId" time="0.189"/>
  <system-out/>
  <testcase classname="test.api.ATC01_Test1" name="shouldUpdatePost" time="0.281"/>
  <system-out/>
  <testcase classname="test.api.ATC01_Test1" name="shouldGetPostById" time="0.187"/>
  <system-out/>
  <testcase classname="test.api.ATC01_Test1" name="shouldDeletePost" time="0.248"/>
  <system-out/>
  <testcase classname="test.api.ATC01_Test1" name="shouldMatchPostSchema" time="1.064"/>
  <system-out/>
</testsuite> <!-- test.api.ATC01_Test1 -->
