<?xml version="1.0" encoding="UTF-8"?>
<!-- Generated by org.testng.reporters.JUnitReportReporter -->
<testsuite hostname="WorkStation" failures="0" tests="7" name="test.api.ATC01_Test1" time="5.845" errors="0" timestamp="2026-05-20T21:49:19 CST" skipped="0">
  <testcase classname="test.api.ATC01_Test1" name="shouldCreatePost" time="3.319"/>
  <system-out/>
  <testcase classname="test.api.ATC01_Test1" name="shouldGetapiOneByUserId" time="0.408"/>
  <system-out/>
  <testcase classname="test.api.ATC01_Test1" name="shouldReturn404ForNonExistentPost" time="0.327"/>
  <system-out/>
  <testcase classname="test.api.ATC01_Test1" name="shouldUpdatePost" time="0.330"/>
  <system-out/>
  <testcase classname="test.api.ATC01_Test1" name="shouldDeletePost" time="0.319"/>
  <system-out/>
  <testcase classname="test.api.ATC01_Test1" name="shouldMatchPostSchema" time="0.937"/>
  <system-out/>
  <testcase classname="test.api.ATC01_Test1" name="shouldGetPostById" time="0.205"/>
  <system-out/>
</testsuite> <!-- test.api.ATC01_Test1 -->
