<?xml version="1.0" encoding="UTF-8"?>
<!-- Generated by org.testng.reporters.JUnitReportReporter -->
<testsuite hostname="WorkStation" failures="0" tests="7" name="test.api.PostsTest" time="6.962" errors="0" timestamp="2026-05-06T18:08:38 CST" skipped="0">
  <testcase classname="test.api.PostsTest" name="shouldGetPostById" time="0.251"/>
  <system-out/>
  <testcase classname="test.api.PostsTest" name="shouldGetPostsByUserId" time="0.241"/>
  <system-out/>
  <testcase classname="test.api.PostsTest" name="shouldDeletePost" time="0.268"/>
  <system-out/>
  <testcase classname="test.api.PostsTest" name="shouldCreatePost" time="5.094"/>
  <system-out/>
  <testcase classname="test.api.PostsTest" name="shouldUpdatePost" time="0.350"/>
  <system-out/>
  <testcase classname="test.api.PostsTest" name="shouldGetAllPosts" time="0.493"/>
  <system-out/>
  <testcase classname="test.api.PostsTest" name="shouldReturn404ForNonExistentPost" time="0.265"/>
  <system-out/>
</testsuite> <!-- test.api.PostsTest -->
